{"timestamp":"2026-04-18T08:26:05.090Z","eventType":"OTP_VERIFIED","data":{"userId":"RES000002","email":"sanskarofficial512@gmail.com","timestamp":"2026-04-18T08:26:05.090Z"}}
{"timestamp":"2026-04-18T15:40:14.341Z","eventType":"PAYMENT_SUBMITTED","data":{"userId":"RES000002","paymentId":"5c6e7516-d2bc-442c-9411-06486f382e9e","amount":16000,"timestamp":"2026-04-18T15:40:14.341Z","method":"upi","type":"booking"}}
{"timestamp":"2026-04-18T15:45:37.177Z","eventType":"PAYMENT_APPROVED","data":{"userId":"RES000002","paymentId":"5c6e7516-d2bc-442c-9411-06486f382e9e","amount":16000,"adminId":"admin001","timestamp":"2026-04-18T15:45:37.177Z","paymentType":"booking"}}
{"timestamp":"2026-04-18T15:45:37.179Z","eventType":"ADMIN_ACTION","data":{"action":"APPROVE_PAYMENT","adminId":"admin001","targetUserId":"RES000002","timestamp":"2026-04-18T15:45:37.179Z","paymentId":"5c6e7516-d2bc-442c-9411-06486f382e9e","amount":16000}}
{"timestamp":"2026-04-18T15:47:05.749Z","eventType":"PAYMENT_EXTENSION_REQUESTED","data":{"userId":"RES000002","paymentId":"extension-request","amount":0,"reason":"E2E test from browser automation","timestamp":"2026-04-18T15:47:05.749Z"}}
{"timestamp":"2026-04-18T15:47:08.754Z","eventType":"PAYMENT_REFUND_REQUESTED","data":{"userId":"RES000002","paymentId":"refund-request","amount":15000,"reason":"E2E refund flow verification","timestamp":"2026-04-18T15:47:08.754Z"}}
{"timestamp":"2026-04-18T16:05:26.369Z","eventType":"PAYMENT_SUBMITTED","data":{"userId":"RES000002","paymentId":"7cb1b33e-260a-499a-b14a-ecb78bd1a557","amount":1000,"timestamp":"2026-04-18T16:05:26.369Z","method":"upi","type":"booking"}}
{"timestamp":"2026-04-18T18:10:02.829Z","eventType":"OTP_VERIFIED","data":{"userId":"RES000006","email":"sanskarofficial512@gmail.com","timestamp":"2026-04-18T18:10:02.829Z"}}
{"timestamp":"2026-04-18T19:20:37.038Z","eventType":"PAYMENT_SUBMITTED","data":{"userId":"RES000006","paymentId":"3af16be2-2a89-4d8f-a0a4-b3967a17a647","amount":9500,"timestamp":"2026-04-18T19:20:37.038Z","method":"upi","type":"booking"}}
{"timestamp":"2026-04-18T19:38:23.835Z","eventType":"PAYMENT_APPROVED","data":{"userId":"RES000006","paymentId":"3af16be2-2a89-4d8f-a0a4-b3967a17a647","amount":9500,"adminId":"ADMIN","timestamp":"2026-04-18T19:38:23.835Z","paymentType":"booking"}}
{"timestamp":"2026-04-18T19:38:23.840Z","eventType":"ADMIN_ACTION","data":{"action":"APPROVE_PAYMENT","adminId":"ADMIN","targetUserId":"RES000006","timestamp":"2026-04-18T19:38:23.840Z","paymentId":"3af16be2-2a89-4d8f-a0a4-b3967a17a647","amount":9500}}
{"timestamp":"2026-04-18T20:05:09.296Z","eventType":"PAYMENT_SUBMITTED","data":{"userId":"RES000006","paymentId":"8d4dca52-32bb-429e-aa4e-2089d30f942d","amount":10000,"timestamp":"2026-04-18T20:05:09.296Z","method":"upi","type":"room_rent"}}
{"timestamp":"2026-04-18T20:05:56.346Z","eventType":"PAYMENT_APPROVED","data":{"userId":"RES000006","paymentId":"8d4dca52-32bb-429e-aa4e-2089d30f942d","amount":10000,"adminId":"ADMIN","timestamp":"2026-04-18T20:05:56.346Z","paymentType":"half"}}
{"timestamp":"2026-04-18T20:05:56.348Z","eventType":"ADMIN_ACTION","data":{"action":"APPROVE_PAYMENT","adminId":"ADMIN","targetUserId":"RES000006","timestamp":"2026-04-18T20:05:56.348Z","paymentId":"8d4dca52-32bb-429e-aa4e-2089d30f942d","amount":10000}}
{"timestamp":"2026-04-19T17:29:33.867Z","eventType":"OTP_VERIFIED","data":{"userId":"RES000008","email":"sanskarofficial512@gmail.com","timestamp":"2026-04-19T17:29:33.867Z"}}
{"timestamp":"2026-04-19T17:35:14.913Z","eventType":"OTP_VERIFICATION_FAILED","data":{"userId":"RES000009","attempts":1,"timestamp":"2026-04-19T17:35:14.913Z"}}
{"timestamp":"2026-04-19T17:35:34.217Z","eventType":"OTP_VERIFICATION_FAILED","data":{"userId":"RES000009","attempts":2,"timestamp":"2026-04-19T17:35:34.217Z"}}
{"timestamp":"2026-04-19T17:35:59.099Z","eventType":"OTP_VERIFIED","data":{"userId":"RES000009","email":"sanskarofficial512@gmail.com","timestamp":"2026-04-19T17:35:59.099Z"}}
{"timestamp":"2026-04-19T17:54:29.007Z","eventType":"OTP_VERIFIED","data":{"userId":"RES000012","email":"sanskarofficial512@gmail.com","timestamp":"2026-04-19T17:54:29.006Z"}}
{"timestamp":"2026-04-19T18:21:08.686Z","eventType":"PAYMENT_SUBMITTED","data":{"userId":"RES000012","paymentId":"a4b79ea1-8712-49b8-b59e-32aa9ef3fb96","amount":50000,"timestamp":"2026-04-19T18:21:08.686Z","method":"upi","type":"booking"}}
{"timestamp":"2026-04-19T18:21:33.051Z","eventType":"PAYMENT_APPROVED","data":{"userId":"RES000012","paymentId":"a4b79ea1-8712-49b8-b59e-32aa9ef3fb96","amount":50000,"adminId":"ADMIN","timestamp":"2026-04-19T18:21:33.051Z","paymentType":"booking"}}
{"timestamp":"2026-04-19T18:21:33.053Z","eventType":"ADMIN_ACTION","data":{"action":"APPROVE_PAYMENT","adminId":"ADMIN","targetUserId":"RES000012","timestamp":"2026-04-19T18:21:33.053Z","paymentId":"a4b79ea1-8712-49b8-b59e-32aa9ef3fb96","amount":50000}}
{"timestamp":"2026-04-19T18:27:29.633Z","eventType":"PAYMENT_SUBMITTED","data":{"userId":"RES000012","paymentId":"4762ced5-4ffb-4de6-ade4-e5d328560dc5","amount":19900,"timestamp":"2026-04-19T18:27:29.633Z","method":"upi","type":"mess"}}
{"timestamp":"2026-04-19T18:29:20.279Z","eventType":"PAYMENT_APPROVED","data":{"userId":"RES000012","paymentId":"4762ced5-4ffb-4de6-ade4-e5d328560dc5","amount":19900,"adminId":"ADMIN","timestamp":"2026-04-19T18:29:20.279Z","paymentType":"full"}}
{"timestamp":"2026-04-19T18:29:20.280Z","eventType":"ADMIN_ACTION","data":{"action":"APPROVE_PAYMENT","adminId":"ADMIN","targetUserId":"RES000012","timestamp":"2026-04-19T18:29:20.280Z","paymentId":"4762ced5-4ffb-4de6-ade4-e5d328560dc5","amount":19900}}
{"timestamp":"2026-04-19T18:41:34.857Z","eventType":"PAYMENT_SUBMITTED","data":{"userId":"RES000012","paymentId":"ce1d1553-c49d-4d8a-93e1-218e15ed4c76","amount":65990,"timestamp":"2026-04-19T18:41:34.857Z","method":"upi","type":"room_rent"}}
{"timestamp":"2026-04-19T18:44:25.811Z","eventType":"PAYMENT_APPROVED","data":{"userId":"RES000012","paymentId":"ce1d1553-c49d-4d8a-93e1-218e15ed4c76","amount":65990,"adminId":"ADMIN","timestamp":"2026-04-19T18:44:25.811Z","paymentType":"full"}}
{"timestamp":"2026-04-19T18:44:25.812Z","eventType":"ADMIN_ACTION","data":{"action":"APPROVE_PAYMENT","adminId":"ADMIN","targetUserId":"RES000012","timestamp":"2026-04-19T18:44:25.812Z","paymentId":"ce1d1553-c49d-4d8a-93e1-218e15ed4c76","amount":65990}}
{"timestamp":"2026-04-19T18:57:14.784Z","eventType":"ADMIN_ACTION","data":{"action":"VERIFY_DOCUMENTS","adminId":"ADMIN","targetUserId":"RES000012","timestamp":"2026-04-19T18:57:14.784Z"}}
{"timestamp":"2026-04-19T19:14:35.071Z","eventType":"OTP_VERIFIED","data":{"userId":"RES000013","email":"sanskarofficial512@gmail.com","timestamp":"2026-04-19T19:14:35.071Z"}}
{"timestamp":"2026-04-19T19:34:58.802Z","eventType":"PAYMENT_SUBMITTED","data":{"userId":"RES000013","paymentId":"e0a58ccb-305f-4353-915e-585f93a7ecb4","amount":20000,"timestamp":"2026-04-19T19:34:58.802Z","method":"upi","type":"booking"}}
{"timestamp":"2026-04-19T19:36:01.620Z","eventType":"PAYMENT_APPROVED","data":{"userId":"RES000013","paymentId":"e0a58ccb-305f-4353-915e-585f93a7ecb4","amount":20000,"adminId":"ADMIN","timestamp":"2026-04-19T19:36:01.620Z","paymentType":"booking"}}
{"timestamp":"2026-04-19T19:36:01.621Z","eventType":"ADMIN_ACTION","data":{"action":"APPROVE_PAYMENT","adminId":"ADMIN","targetUserId":"RES000013","timestamp":"2026-04-19T19:36:01.621Z","paymentId":"e0a58ccb-305f-4353-915e-585f93a7ecb4","amount":20000}}
{"timestamp":"2026-04-19T19:46:04.859Z","eventType":"PAYMENT_SUBMITTED","data":{"userId":"RES000013","paymentId":"8254b3ec-3e07-40a7-96ec-3e82cdc05dcd","amount":40000,"timestamp":"2026-04-19T19:46:04.859Z","method":"upi","type":"room_rent"}}
{"timestamp":"2026-04-19T19:46:34.865Z","eventType":"PAYMENT_APPROVED","data":{"userId":"RES000013","paymentId":"8254b3ec-3e07-40a7-96ec-3e82cdc05dcd","amount":40000,"adminId":"ADMIN","timestamp":"2026-04-19T19:46:34.865Z","paymentType":"half"}}
{"timestamp":"2026-04-19T19:46:34.866Z","eventType":"ADMIN_ACTION","data":{"action":"APPROVE_PAYMENT","adminId":"ADMIN","targetUserId":"RES000013","timestamp":"2026-04-19T19:46:34.866Z","paymentId":"8254b3ec-3e07-40a7-96ec-3e82cdc05dcd","amount":40000}}
{"timestamp":"2026-04-19T19:47:26.901Z","eventType":"PAYMENT_SUBMITTED","data":{"userId":"RES000013","paymentId":"be333e9f-76b4-44d0-a2cf-feb45bb8c066","amount":55990,"timestamp":"2026-04-19T19:47:26.901Z","method":"upi","type":"room_rent"}}
{"timestamp":"2026-04-19T19:48:06.996Z","eventType":"PAYMENT_APPROVED","data":{"userId":"RES000013","paymentId":"be333e9f-76b4-44d0-a2cf-feb45bb8c066","amount":55990,"adminId":"ADMIN","timestamp":"2026-04-19T19:48:06.996Z","paymentType":"full"}}
{"timestamp":"2026-04-19T19:48:06.997Z","eventType":"ADMIN_ACTION","data":{"action":"APPROVE_PAYMENT","adminId":"ADMIN","targetUserId":"RES000013","timestamp":"2026-04-19T19:48:06.997Z","paymentId":"be333e9f-76b4-44d0-a2cf-feb45bb8c066","amount":55990}}
{"timestamp":"2026-04-19T19:48:49.405Z","eventType":"PAYMENT_SUBMITTED","data":{"userId":"RES000013","paymentId":"53f1a9ed-eaf7-4710-a01a-e968a1c70529","amount":19900,"timestamp":"2026-04-19T19:48:49.405Z","method":"upi","type":"mess"}}
{"timestamp":"2026-04-19T19:49:01.723Z","eventType":"PAYMENT_APPROVED","data":{"userId":"RES000013","paymentId":"53f1a9ed-eaf7-4710-a01a-e968a1c70529","amount":19900,"adminId":"ADMIN","timestamp":"2026-04-19T19:49:01.723Z","paymentType":"full"}}
{"timestamp":"2026-04-19T19:49:01.724Z","eventType":"ADMIN_ACTION","data":{"action":"APPROVE_PAYMENT","adminId":"ADMIN","targetUserId":"RES000013","timestamp":"2026-04-19T19:49:01.724Z","paymentId":"53f1a9ed-eaf7-4710-a01a-e968a1c70529","amount":19900}}
{"timestamp":"2026-04-19T19:49:30.072Z","eventType":"PAYMENT_SUBMITTED","data":{"userId":"RES000013","paymentId":"e4fa832d-0e0d-44ed-9c50-825b64312a6b","amount":22000,"timestamp":"2026-04-19T19:49:30.072Z","method":"upi","type":"transport"}}
{"timestamp":"2026-04-19T19:49:45.443Z","eventType":"PAYMENT_APPROVED","data":{"userId":"RES000013","paymentId":"e4fa832d-0e0d-44ed-9c50-825b64312a6b","amount":22000,"adminId":"ADMIN","timestamp":"2026-04-19T19:49:45.443Z","paymentType":"full"}}
{"timestamp":"2026-04-19T19:49:45.444Z","eventType":"ADMIN_ACTION","data":{"action":"APPROVE_PAYMENT","adminId":"ADMIN","targetUserId":"RES000013","timestamp":"2026-04-19T19:49:45.444Z","paymentId":"e4fa832d-0e0d-44ed-9c50-825b64312a6b","amount":22000}}
{"timestamp":"2026-04-20T08:39:47.557Z","eventType":"OTP_VERIFIED","data":{"userId":"RES000014","email":"sanskarofficial512@gmail.com","timestamp":"2026-04-20T08:39:47.557Z"}}
{"timestamp":"2026-04-20T09:18:28.699Z","eventType":"PAYMENT_SUBMITTED","data":{"userId":"RES000014","paymentId":"545ff007-8856-44ca-8c6d-e3fff8943c60","amount":50000,"timestamp":"2026-04-20T09:18:28.699Z","method":"upi","type":"booking"}}
{"timestamp":"2026-04-20T09:18:49.245Z","eventType":"PAYMENT_APPROVED","data":{"userId":"RES000014","paymentId":"545ff007-8856-44ca-8c6d-e3fff8943c60","amount":50000,"adminId":"ADMIN","timestamp":"2026-04-20T09:18:49.245Z","paymentType":"booking"}}
{"timestamp":"2026-04-20T09:18:49.248Z","eventType":"ADMIN_ACTION","data":{"action":"APPROVE_PAYMENT","adminId":"ADMIN","targetUserId":"RES000014","timestamp":"2026-04-20T09:18:49.248Z","paymentId":"545ff007-8856-44ca-8c6d-e3fff8943c60","amount":50000}}
{"timestamp":"2026-04-20T09:20:37.983Z","eventType":"PAYMENT_EXTENSION_REQUESTED","data":{"userId":"RES000014","paymentId":"extension-request","amount":0,"reason":"Requested from payment status page (extension)","timestamp":"2026-04-20T09:20:37.983Z"}}
{"timestamp":"2026-04-20T09:23:24.797Z","eventType":"PAYMENT_SUBMITTED","data":{"userId":"RES000014","paymentId":"9cc8029d-28cd-4b01-9e8c-165cc55c734c","amount":34175,"timestamp":"2026-04-20T09:23:24.797Z","method":"upi","type":"room_rent"}}
{"timestamp":"2026-04-20T09:30:34.106Z","eventType":"PAYMENT_APPROVED","data":{"userId":"RES000014","paymentId":"9cc8029d-28cd-4b01-9e8c-165cc55c734c","amount":34175,"adminId":"ADMIN","timestamp":"2026-04-20T09:30:34.106Z","paymentType":"half"}}
{"timestamp":"2026-04-20T09:30:34.120Z","eventType":"ADMIN_ACTION","data":{"action":"APPROVE_PAYMENT","adminId":"ADMIN","targetUserId":"RES000014","timestamp":"2026-04-20T09:30:34.120Z","paymentId":"9cc8029d-28cd-4b01-9e8c-165cc55c734c","amount":34175}}
{"timestamp":"2026-04-20T09:34:42.824Z","eventType":"PAYMENT_SUBMITTED","data":{"userId":"RES000014","paymentId":"b1b8582d-a397-4ea8-a018-b75801553b8f","amount":19900,"timestamp":"2026-04-20T09:34:42.824Z","method":"upi","type":"mess"}}
{"timestamp":"2026-04-20T09:35:03.824Z","eventType":"PAYMENT_APPROVED","data":{"userId":"RES000014","paymentId":"b1b8582d-a397-4ea8-a018-b75801553b8f","amount":19900,"adminId":"ADMIN","timestamp":"2026-04-20T09:35:03.824Z","paymentType":"full"}}
{"timestamp":"2026-04-20T09:35:03.826Z","eventType":"ADMIN_ACTION","data":{"action":"APPROVE_PAYMENT","adminId":"ADMIN","targetUserId":"RES000014","timestamp":"2026-04-20T09:35:03.826Z","paymentId":"b1b8582d-a397-4ea8-a018-b75801553b8f","amount":19900}}
{"timestamp":"2026-04-20T09:42:15.654Z","eventType":"PAYMENT_SUBMITTED","data":{"userId":"RES000014","paymentId":"bfb51d45-008a-4112-9f14-0296f9545539","amount":56812,"timestamp":"2026-04-20T09:42:15.654Z","method":"upi","type":"room_rent"}}
{"timestamp":"2026-04-20T09:42:53.602Z","eventType":"PAYMENT_APPROVED","data":{"userId":"RES000014","paymentId":"bfb51d45-008a-4112-9f14-0296f9545539","amount":56812,"adminId":"ADMIN","timestamp":"2026-04-20T09:42:53.602Z","paymentType":"half"}}
{"timestamp":"2026-04-20T09:42:53.603Z","eventType":"ADMIN_ACTION","data":{"action":"APPROVE_PAYMENT","adminId":"ADMIN","targetUserId":"RES000014","timestamp":"2026-04-20T09:42:53.603Z","paymentId":"bfb51d45-008a-4112-9f14-0296f9545539","amount":56812}}
{"timestamp":"2026-04-20T10:02:02.596Z","eventType":"OTP_VERIFIED","data":{"userId":"RES000015","email":"sanskarofficial512@gmail.com","timestamp":"2026-04-20T10:02:02.596Z"}}
{"timestamp":"2026-04-20T10:04:23.418Z","eventType":"PAYMENT_SUBMITTED","data":{"userId":"RES000015","paymentId":"3aa21292-8f84-4b47-b56d-3ce8a46b7ce5","amount":16000,"timestamp":"2026-04-20T10:04:23.418Z","method":"upi","type":"booking"}}
{"timestamp":"2026-04-20T10:05:12.328Z","eventType":"PAYMENT_APPROVED","data":{"userId":"RES000015","paymentId":"3aa21292-8f84-4b47-b56d-3ce8a46b7ce5","amount":16000,"adminId":"ADMIN","timestamp":"2026-04-20T10:05:12.328Z","paymentType":"booking"}}
{"timestamp":"2026-04-20T10:05:12.331Z","eventType":"ADMIN_ACTION","data":{"action":"APPROVE_PAYMENT","adminId":"ADMIN","targetUserId":"RES000015","timestamp":"2026-04-20T10:05:12.331Z","paymentId":"3aa21292-8f84-4b47-b56d-3ce8a46b7ce5","amount":16000}}
{"timestamp":"2026-04-20T10:06:26.026Z","eventType":"PAYMENT_SUBMITTED","data":{"userId":"RES000015","paymentId":"13b067a5-3ca6-442b-9cd0-b096f8046651","amount":68175,"timestamp":"2026-04-20T10:06:26.026Z","method":"upi","type":"room_rent"}}
{"timestamp":"2026-04-20T10:13:05.516Z","eventType":"PAYMENT_APPROVED","data":{"userId":"RES000015","paymentId":"13b067a5-3ca6-442b-9cd0-b096f8046651","amount":68175,"adminId":"ADMIN","timestamp":"2026-04-20T10:13:05.516Z","paymentType":"half"}}
{"timestamp":"2026-04-20T10:13:05.518Z","eventType":"ADMIN_ACTION","data":{"action":"APPROVE_PAYMENT","adminId":"ADMIN","targetUserId":"RES000015","timestamp":"2026-04-20T10:13:05.518Z","paymentId":"13b067a5-3ca6-442b-9cd0-b096f8046651","amount":68175}}
{"timestamp":"2026-04-20T10:20:17.203Z","eventType":"PAYMENT_SUBMITTED","data":{"userId":"RES000015","paymentId":"80d974b4-6924-4e26-8909-98978ab6d38e","amount":56812.5,"timestamp":"2026-04-20T10:20:17.203Z","method":"upi","type":"room_rent"}}
{"timestamp":"2026-04-20T10:21:00.672Z","eventType":"PAYMENT_APPROVED","data":{"userId":"RES000015","paymentId":"80d974b4-6924-4e26-8909-98978ab6d38e","amount":56812.5,"adminId":"ADMIN","timestamp":"2026-04-20T10:21:00.672Z","paymentType":"full"}}
{"timestamp":"2026-04-20T10:21:00.674Z","eventType":"ADMIN_ACTION","data":{"action":"APPROVE_PAYMENT","adminId":"ADMIN","targetUserId":"RES000015","timestamp":"2026-04-20T10:21:00.674Z","paymentId":"80d974b4-6924-4e26-8909-98978ab6d38e","amount":56812.5}}
{"timestamp":"2026-04-20T10:21:46.821Z","eventType":"PAYMENT_SUBMITTED","data":{"userId":"RES000015","paymentId":"b272df65-6c33-4bf8-96a2-19aaf8af3808","amount":19900,"timestamp":"2026-04-20T10:21:46.821Z","method":"upi","type":"mess"}}
{"timestamp":"2026-04-20T10:27:26.535Z","eventType":"PAYMENT_APPROVED","data":{"userId":"RES000015","paymentId":"b272df65-6c33-4bf8-96a2-19aaf8af3808","amount":19900,"adminId":"ADMIN","timestamp":"2026-04-20T10:27:26.535Z","paymentType":"full"}}
{"timestamp":"2026-04-20T10:27:26.538Z","eventType":"ADMIN_ACTION","data":{"action":"APPROVE_PAYMENT","adminId":"ADMIN","targetUserId":"RES000015","timestamp":"2026-04-20T10:27:26.538Z","paymentId":"b272df65-6c33-4bf8-96a2-19aaf8af3808","amount":19900}}
{"timestamp":"2026-04-20T10:55:49.529Z","eventType":"OTP_VERIFIED","data":{"userId":"RES000016","email":"sanskarofficial512@gmail.com","timestamp":"2026-04-20T10:55:49.529Z"}}
{"timestamp":"2026-04-20T10:58:08.491Z","eventType":"PAYMENT_SUBMITTED","data":{"userId":"RES000016","paymentId":"7f063379-fd9f-458a-9f41-42f091e34d52","amount":16000,"timestamp":"2026-04-20T10:58:08.491Z","method":"upi","type":"booking"}}
{"timestamp":"2026-04-20T10:58:52.206Z","eventType":"PAYMENT_APPROVED","data":{"userId":"RES000016","paymentId":"7f063379-fd9f-458a-9f41-42f091e34d52","amount":16000,"adminId":"ADMIN","timestamp":"2026-04-20T10:58:52.205Z","paymentType":"booking"}}
{"timestamp":"2026-04-20T10:58:52.215Z","eventType":"ADMIN_ACTION","data":{"action":"APPROVE_PAYMENT","adminId":"ADMIN","targetUserId":"RES000016","timestamp":"2026-04-20T10:58:52.215Z","paymentId":"7f063379-fd9f-458a-9f41-42f091e34d52","amount":16000}}
{"timestamp":"2026-04-20T11:07:14.587Z","eventType":"PAYMENT_SUBMITTED","data":{"userId":"RES000016","paymentId":"f6cf1245-9c1a-48ce-a508-64fc927161e1","amount":74993,"timestamp":"2026-04-20T11:07:14.587Z","method":"upi","type":"room_rent"}}
{"timestamp":"2026-04-20T11:07:47.545Z","eventType":"PAYMENT_APPROVED","data":{"userId":"RES000016","paymentId":"f6cf1245-9c1a-48ce-a508-64fc927161e1","amount":74993,"adminId":"ADMIN","timestamp":"2026-04-20T11:07:47.545Z","paymentType":"half"}}
{"timestamp":"2026-04-20T11:07:47.547Z","eventType":"ADMIN_ACTION","data":{"action":"APPROVE_PAYMENT","adminId":"ADMIN","targetUserId":"RES000016","timestamp":"2026-04-20T11:07:47.547Z","paymentId":"f6cf1245-9c1a-48ce-a508-64fc927161e1","amount":74993}}
{"timestamp":"2026-04-20T11:08:46.317Z","eventType":"PAYMENT_SUBMITTED","data":{"userId":"RES000016","paymentId":"5753989b-7db0-4a38-85f2-5604ee0baa31","amount":19900,"timestamp":"2026-04-20T11:08:46.317Z","method":"upi","type":"mess"}}
{"timestamp":"2026-04-20T11:09:41.716Z","eventType":"PAYMENT_APPROVED","data":{"userId":"RES000016","paymentId":"5753989b-7db0-4a38-85f2-5604ee0baa31","amount":19900,"adminId":"ADMIN","timestamp":"2026-04-20T11:09:41.716Z","paymentType":"full"}}
{"timestamp":"2026-04-20T11:09:41.718Z","eventType":"ADMIN_ACTION","data":{"action":"APPROVE_PAYMENT","adminId":"ADMIN","targetUserId":"RES000016","timestamp":"2026-04-20T11:09:41.718Z","paymentId":"5753989b-7db0-4a38-85f2-5604ee0baa31","amount":19900}}
{"timestamp":"2026-04-20T11:10:41.273Z","eventType":"PAYMENT_SUBMITTED","data":{"userId":"RES000016","paymentId":"f2506502-dabb-4105-94d0-b4ce9aaa0867","amount":22000,"timestamp":"2026-04-20T11:10:41.273Z","method":"upi","type":"transport"}}
{"timestamp":"2026-04-20T11:11:21.176Z","eventType":"PAYMENT_APPROVED","data":{"userId":"RES000016","paymentId":"f2506502-dabb-4105-94d0-b4ce9aaa0867","amount":22000,"adminId":"ADMIN","timestamp":"2026-04-20T11:11:21.176Z","paymentType":"full"}}
{"timestamp":"2026-04-20T11:11:21.179Z","eventType":"ADMIN_ACTION","data":{"action":"APPROVE_PAYMENT","adminId":"ADMIN","targetUserId":"RES000016","timestamp":"2026-04-20T11:11:21.179Z","paymentId":"f2506502-dabb-4105-94d0-b4ce9aaa0867","amount":22000}}
{"timestamp":"2026-04-24T08:52:57.366Z","eventType":"OTP_VERIFIED","data":{"userId":"RES000036","email":"sanskarofficial512@gmail.com","timestamp":"2026-04-24T08:52:57.366Z"}}
{"timestamp":"2026-04-24T08:57:18.038Z","eventType":"PAYMENT_SUBMITTED","data":{"userId":"RES000036","paymentId":"ac9de9e6-3b48-4e3f-9f7a-0afd707e0472","amount":9500,"timestamp":"2026-04-24T08:57:18.038Z","method":"upi","type":"booking"}}
{"timestamp":"2026-04-24T09:13:08.422Z","eventType":"PAYMENT_SUBMITTED","data":{"userId":"RES000036","paymentId":"d0d905bc-88ee-4c45-9c47-fa9a5c1c5c62","amount":50000,"timestamp":"2026-04-24T09:13:08.422Z","method":"upi","type":"room_rent"}}
{"timestamp":"2026-04-24T09:17:09.905Z","eventType":"PAYMENT_SUBMITTED","data":{"userId":"RES000036","paymentId":"3d541f23-1ccc-4741-9ee0-ddab71ff0af5","amount":49990,"timestamp":"2026-04-24T09:17:09.905Z","method":"upi","type":"room_rent"}}
{"timestamp":"2026-04-24T17:31:52.388Z","eventType":"PAYMENT_SUBMITTED","data":{"userId":"RES000036","paymentId":"8d4b65df-3a2c-48e8-b984-dd34b36f6f02","amount":6500,"timestamp":"2026-04-24T17:31:52.388Z","method":"upi","type":"security_deposit"}}
{"timestamp":"2026-04-24T17:32:45.324Z","eventType":"PAYMENT_SUBMITTED","data":{"userId":"RES000036","paymentId":"36efd078-d50b-498f-a256-e63d46066133","amount":22000,"timestamp":"2026-04-24T17:32:45.324Z","method":"upi","type":"transport"}}
{"timestamp":"2026-04-24T17:37:06.236Z","eventType":"OTP_VERIFIED","data":{"userId":"RES000039","email":"sanskar51274@gmail.com","timestamp":"2026-04-24T17:37:06.236Z"}}
{"timestamp":"2026-04-24T17:41:49.061Z","eventType":"PAYMENT_SUBMITTED","data":{"userId":"RES000039","paymentId":"f44fac79-3214-49d2-b583-7eb306df34e7","amount":16000,"timestamp":"2026-04-24T17:41:49.061Z","method":"upi","type":"booking"}}
{"timestamp":"2026-04-24T17:42:41.492Z","eventType":"PAYMENT_SUBMITTED","data":{"userId":"RES000039","paymentId":"0e7caca4-49c2-47d6-8dcd-797b697943af","amount":103044,"timestamp":"2026-04-24T17:42:41.492Z","method":"upi","type":"room_rent"}}
{"timestamp":"2026-04-24T17:50:20.341Z","eventType":"PAYMENT_SUBMITTED","data":{"userId":"RES000039","paymentId":"997674f7-cfd7-4bfa-93f6-1ca56345fc15","amount":19900,"timestamp":"2026-04-24T17:50:20.341Z","method":"upi","type":"mess"}}
{"timestamp":"2026-04-24T17:53:01.618Z","eventType":"PAYMENT_SUBMITTED","data":{"userId":"RES000039","paymentId":"45ee444c-5b51-43aa-8921-8882d3024a8b","amount":22000,"timestamp":"2026-04-24T17:53:01.618Z","method":"upi","type":"transport"}}
{"timestamp":"2026-04-24T18:00:01.654Z","eventType":"PAYMENT_PLAN_UPGRADED","data":{"userId":"RES000039","paymentId":"upgrade","amount":0,"timestamp":"2026-04-24T18:00:01.654Z","oldDiscount":57247,"newDiscount":91595}}
{"timestamp":"2026-04-24T18:03:11.441Z","eventType":"PAYMENT_SUBMITTED","data":{"userId":"RES000039","paymentId":"d87d4e7f-5583-4994-af63-41406ec5cb40","amount":34348,"timestamp":"2026-04-24T18:03:11.441Z","method":"upi","type":"room_rent"}}
